python3 train_old/train_softprompt_rel1.py \
  --model_name_or_path google/flan-t5-base \
  --tokenizer_name google/flan-t5-base \
  --config_name google/flan-t5-base \
  --output_dir models/checkpoints/flan-t5-base-rel1 \
  --max_p_length 128 \
  --max_q_length 16 \
  --per_device_train_batch_size 8 \
  --per_device_eval_batch_size 8 \
  --m_positive_per_example 2 \
  --m_negative_per_example 2 \
  --learning_rate 1e-3 \
  --evaluation_strategy steps \
  --max_steps 20000 \
  --save_steps 5000 \
  --eval_steps 500 \
  --train_file /home/jhju/datasets/nils.sentence.transformers/ce.minilm.hardneg.vL.jsonl \
  --instruction_prompt "Generate a question for the passage with relevance label: " \
  --pos_neg_prompt "false true" \
  --do_train \
  --do_eval 
Used instruction prompt: [6939, 2206, 3, 9, 822, 21, 8, 5454, 28, 20208, 3783, 10, 3]
Used relevance prompt: [6136, 1176]
